<?xml version="1.0" encoding="UTF-8"?>
<testng-results skipped="0" failed="1" ignored="0" total="1" passed="0">
  <reporter-output>
  </reporter-output>
  <suite name="Default suite" duration-ms="31365" started-at="2021-05-07T22:52:52 IST" finished-at="2021-05-07T22:53:23 IST">
    <groups>
    </groups>
    <test name="Default test" duration-ms="31365" started-at="2021-05-07T22:52:52 IST" finished-at="2021-05-07T22:53:23 IST">
      <class name="com.qa.mobile.tests.Scenario5">
        <test-method status="PASS" signature="initialise()[pri:0, instance:com.qa.mobile.tests.Scenario5@262b2c86]" name="initialise" is-config="true" duration-ms="17870" started-at="2021-05-07T22:52:52 IST" finished-at="2021-05-07T22:53:10 IST">
          <reporter-output>
          </reporter-output>
        </test-method> <!-- initialise -->
        <test-method status="FAIL" signature="clickOnProgressBarAndVerifyRegPageElements()[pri:0, instance:com.qa.mobile.tests.Scenario5@262b2c86]" name="clickOnProgressBarAndVerifyRegPageElements" duration-ms="13114" started-at="2021-05-07T22:53:10 IST" finished-at="2021-05-07T22:53:23 IST">
          <exception class="org.openqa.selenium.StaleElementReferenceException">
            <message>
              <![CDATA[The element 'By.id: android:id/progress' does not exist in DOM anymore
For documentation on this error, please visit: https://www.seleniumhq.org/exceptions/stale_element_reference.html
Build info: version: '3.141.59', revision: 'e82be7d358', time: '2018-11-14T08:17:03'
System info: host: 'MAHADEV-PC', ip: '192.168.0.102', os.name: 'Windows 7', os.arch: 'amd64', os.version: '6.1', java.version: '1.8.0_291'
Driver info: io.appium.java_client.AppiumDriver
Capabilities {appActivity: io.selendroid.testapp.HomeS..., appPackage: io.selendroid.testapp, databaseEnabled: false, desired: {appActivity: io.selendroid.testapp.HomeS..., appPackage: io.selendroid.testapp, deviceName: myPhone, platformName: android, platformVersion: 9, udid: 32b4caaa}, deviceApiLevel: 28, deviceManufacturer: Xiaomi, deviceModel: Redmi Note 6 Pro, deviceName: 32b4caaa, deviceScreenDensity: 440, deviceScreenSize: 1080x2280, deviceUDID: 32b4caaa, javascriptEnabled: true, locationContextEnabled: false, networkConnectionEnabled: true, pixelRatio: 2.75, platform: LINUX, platformName: Android, platformVersion: 9, statBarHeight: 88, takesScreenshot: true, udid: 32b4caaa, viewportRect: {height: 1974, left: 0, top: 88, width: 1080}, warnings: {}, webStorageEnabled: false}
Session ID: 3a87024b-d47d-41b9-ae71-9de080679b37]]>
            </message>
            <full-stacktrace>
              <![CDATA[org.openqa.selenium.StaleElementReferenceException: The element 'By.id: android:id/progress' does not exist in DOM anymore
For documentation on this error, please visit: https://www.seleniumhq.org/exceptions/stale_element_reference.html
Build info: version: '3.141.59', revision: 'e82be7d358', time: '2018-11-14T08:17:03'
System info: host: 'MAHADEV-PC', ip: '192.168.0.102', os.name: 'Windows 7', os.arch: 'amd64', os.version: '6.1', java.version: '1.8.0_291'
Driver info: io.appium.java_client.AppiumDriver
Capabilities {appActivity: io.selendroid.testapp.HomeS..., appPackage: io.selendroid.testapp, databaseEnabled: false, desired: {appActivity: io.selendroid.testapp.HomeS..., appPackage: io.selendroid.testapp, deviceName: myPhone, platformName: android, platformVersion: 9, udid: 32b4caaa}, deviceApiLevel: 28, deviceManufacturer: Xiaomi, deviceModel: Redmi Note 6 Pro, deviceName: 32b4caaa, deviceScreenDensity: 440, deviceScreenSize: 1080x2280, deviceUDID: 32b4caaa, javascriptEnabled: true, locationContextEnabled: false, networkConnectionEnabled: true, pixelRatio: 2.75, platform: LINUX, platformName: Android, platformVersion: 9, statBarHeight: 88, takesScreenshot: true, udid: 32b4caaa, viewportRect: {height: 1974, left: 0, top: 88, width: 1080}, warnings: {}, webStorageEnabled: false}
Session ID: 3a87024b-d47d-41b9-ae71-9de080679b37
at sun.reflect.NativeConstructorAccessorImpl.newInstance0(Native Method)
at sun.reflect.NativeConstructorAccessorImpl.newInstance(Unknown Source)
at sun.reflect.DelegatingConstructorAccessorImpl.newInstance(Unknown Source)
at java.lang.reflect.Constructor.newInstance(Unknown Source)
at org.openqa.selenium.remote.http.W3CHttpResponseCodec.createException(W3CHttpResponseCodec.java:187)
at org.openqa.selenium.remote.http.W3CHttpResponseCodec.decode(W3CHttpResponseCodec.java:122)
at org.openqa.selenium.remote.http.W3CHttpResponseCodec.decode(W3CHttpResponseCodec.java:49)
at org.openqa.selenium.remote.HttpCommandExecutor.execute(HttpCommandExecutor.java:158)
at io.appium.java_client.remote.AppiumCommandExecutor.execute(AppiumCommandExecutor.java:247)
at org.openqa.selenium.remote.RemoteWebDriver.execute(RemoteWebDriver.java:552)
at io.appium.java_client.DefaultGenericMobileDriver.execute(DefaultGenericMobileDriver.java:41)
at io.appium.java_client.AppiumDriver.execute(AppiumDriver.java:1)
at org.openqa.selenium.remote.RemoteWebElement.execute(RemoteWebElement.java:285)
at io.appium.java_client.DefaultGenericMobileElement.execute(DefaultGenericMobileElement.java:45)
at io.appium.java_client.MobileElement.execute(MobileElement.java:1)
at io.appium.java_client.android.AndroidElement.execute(AndroidElement.java:1)
at org.openqa.selenium.remote.RemoteWebElement.isDisplayed(RemoteWebElement.java:326)
at com.qa.mobile.tests.Scenario5.clickOnProgressBarAndVerifyRegPageElements(Scenario5.java:29)
at sun.reflect.NativeMethodAccessorImpl.invoke0(Native Method)
at sun.reflect.NativeMethodAccessorImpl.invoke(Unknown Source)
at sun.reflect.DelegatingMethodAccessorImpl.invoke(Unknown Source)
at java.lang.reflect.Method.invoke(Unknown Source)
at org.testng.internal.MethodInvocationHelper.invokeMethod(MethodInvocationHelper.java:133)
at org.testng.internal.TestInvoker.invokeMethod(TestInvoker.java:598)
at org.testng.internal.TestInvoker.invokeTestMethod(TestInvoker.java:173)
at org.testng.internal.MethodRunner.runInSequence(MethodRunner.java:46)
at org.testng.internal.TestInvoker$MethodInvocationAgent.invoke(TestInvoker.java:824)
at org.testng.internal.TestInvoker.invokeTestMethods(TestInvoker.java:146)
at org.testng.internal.TestMethodWorker.invokeTestMethods(TestMethodWorker.java:146)
at org.testng.internal.TestMethodWorker.run(TestMethodWorker.java:128)
at java.util.ArrayList.forEach(Unknown Source)
at org.testng.TestRunner.privateRun(TestRunner.java:794)
at org.testng.TestRunner.run(TestRunner.java:596)
at org.testng.SuiteRunner.runTest(SuiteRunner.java:377)
at org.testng.SuiteRunner.runSequentially(SuiteRunner.java:371)
at org.testng.SuiteRunner.privateRun(SuiteRunner.java:332)
at org.testng.SuiteRunner.run(SuiteRunner.java:276)
at org.testng.SuiteRunnerWorker.runSuite(SuiteRunnerWorker.java:53)
at org.testng.SuiteRunnerWorker.run(SuiteRunnerWorker.java:96)
at org.testng.TestNG.runSuitesSequentially(TestNG.java:1212)
at org.testng.TestNG.runSuitesLocally(TestNG.java:1134)
at org.testng.TestNG.runSuites(TestNG.java:1063)
at org.testng.TestNG.run(TestNG.java:1031)
at org.testng.remote.AbstractRemoteTestNG.run(AbstractRemoteTestNG.java:115)
at org.testng.remote.RemoteTestNG.initAndRun(RemoteTestNG.java:251)
at org.testng.remote.RemoteTestNG.main(RemoteTestNG.java:77)
]]>
            </full-stacktrace>
          </exception> <!-- org.openqa.selenium.StaleElementReferenceException -->
          <reporter-output>
          </reporter-output>
        </test-method> <!-- clickOnProgressBarAndVerifyRegPageElements -->
        <test-method status="PASS" signature="tearDown()[pri:0, instance:com.qa.mobile.tests.Scenario5@262b2c86]" name="tearDown" is-config="true" duration-ms="304" started-at="2021-05-07T22:53:23 IST" finished-at="2021-05-07T22:53:23 IST">
          <reporter-output>
          </reporter-output>
        </test-method> <!-- tearDown -->
      </class> <!-- com.qa.mobile.tests.Scenario5 -->
    </test> <!-- Default test -->
  </suite> <!-- Default suite -->
</testng-results>
